

HI-TECH Software PIC LITE Macro Assembler V9.83 build 10920 
                                                                                               Sun Dec 22 18:16:02 2013

HI-TECH Software Omniscient Code Generator (Lite mode) build 10920
     1  0000                     opt subtitle "HI-TECH Software Omniscient Code Generator (Lite mode) build 10920"
     2                           
     3                           opt pagewidth 120
     4                           
     5                           	opt lm
     6                           
     7                           	processor	12F683
     8                           clrc	macro
     9                           	bcf	3,0
    10  0000                     	endm
    11                           clrz	macro
    12                           	bcf	3,2
    13  0000                     	endm
    14                           setc	macro
    15                           	bsf	3,0
    16  0000                     	endm
    17                           setz	macro
    18                           	bsf	3,2
    19  0000                     	endm
    20                           skipc	macro
    21                           	btfss	3,0
    22  0000                     	endm
    23                           skipz	macro
    24                           	btfss	3,2
    25  0000                     	endm
    26                           skipnc	macro
    27                           	btfsc	3,0
    28  0000                     	endm
    29                           skipnz	macro
    30                           	btfsc	3,2
    31  0000                     	endm
    32  0000                     indf	equ	0
    33  0000                     indf0	equ	0
    34  0002                     pc	equ	2
    35  0002                     pcl	equ	2
    36  0003                     status	equ	3
    37  0004                     fsr	equ	4
    38  0004                     fsr0	equ	4
    39  0001                     c	equ	1
    40  0000                     z	equ	0
    41  000A                     pclath	equ	10
    42                           # 12 "C:\RobertPersonal\Shiftermatic\Firmware\HAL.c"
    43                           	psect config,class=CONFIG,delta=2 ;#
    44                           # 12 "C:\RobertPersonal\Shiftermatic\Firmware\HAL.c"
    45  2007  FFC4               	dw 0xFFFC & 0xFFF7 & 0xFFEF & 0xFFDF & 0xFFFF ;#
    46                           	FNROOT	_main
    47                           	global	_Timer
    48                           	global	_TMR0
    49                           psect	maintext,global,class=CODE,delta=2
    50                           global __pmaintext
    51  0790                     __pmaintext:
    52  0001                     _TMR0	set	1
    53                           	global	_TMR1H
    54  000F                     _TMR1H	set	15
    55                           	global	_TMR1L
    56  000E                     _TMR1L	set	14
    57                           	global	_TMR2
    58  0011                     _TMR2	set	17
    59                           	global	_CARRY
    60  0018                     _CARRY	set	24
    61                           	global	_GIE
    62  005F                     _GIE	set	95
    63                           	global	_GP5
    64  002D                     _GP5	set	45
    65                           	global	_EEADR
    66  009B                     _EEADR	set	155
    67                           	global	_EECON1
    68  009C                     _EECON1	set	156
    69                           	global	_EECON2
    70  009D                     _EECON2	set	157
    71                           	global	_EEDATA
    72  009A                     _EEDATA	set	154
    73                           	global	_OSCCONbits
    74  008F                     _OSCCONbits	set	143
    75                           	global	_RD
    76  04E0                     _RD	set	1248
    77                           	global	_TRISIO5
    78  042D                     _TRISIO5	set	1069
    79                           	global	_WR
    80  04E1                     _WR	set	1249
    81                           	global	_WREN
    82  04E2                     _WREN	set	1250
    83                           	file	"ShifterMatic.as"
    84                           	line	#
    85                           psect cinit,class=CODE,delta=2
    86                           global start_initialization
    87  0788                     start_initialization:
    88                           
    89                           psect	bssCOMMON,class=COMMON,space=1
    90                           global __pbssCOMMON
    91  0070                     __pbssCOMMON:
    92  0070                     _Timer:
    93  0070                            ds      6
    94                           
    95                           ; Clear objects allocated to COMMON
    96                           psect cinit,class=CODE,delta=2
    97  0788  01F0               	clrf	((__pbssCOMMON)+0)&07Fh
    98  0789  01F1               	clrf	((__pbssCOMMON)+1)&07Fh
    99  078A  01F2               	clrf	((__pbssCOMMON)+2)&07Fh
   100  078B  01F3               	clrf	((__pbssCOMMON)+3)&07Fh
   101  078C  01F4               	clrf	((__pbssCOMMON)+4)&07Fh
   102  078D  01F5               	clrf	((__pbssCOMMON)+5)&07Fh
   103                           psect cinit,class=CODE,delta=2
   104                           global end_of_initialization
   105                           
   106                           ;End of C runtime variable initialization code
   107                           
   108  078E                     end_of_initialization:
   109  078E  0183               clrf status
   110  078F  2F90               ljmp _main	;jump to C main() function
   111                           psect	cstackCOMMON,class=COMMON,space=1
   112                           global __pcstackCOMMON
   113  0076                     __pcstackCOMMON:
   114                           	global	?_main
   115  0076                     ?_main:	; 0 bytes @ 0x0
   116                           	global	??_main
   117  0076                     ??_main:	; 0 bytes @ 0x0
   118                           	global	main@i
   119  0076                     main@i:	; 4 bytes @ 0x0
   120  0076                     	ds	4
   121 ;;Data sizes: Strings 0, constant 0, data 0, bss 6, persistent 0 stack 0
   122 ;;Auto spaces:   Size  Autos    Used
   123 ;; COMMON          14      4      10
   124 ;; BANK0           80      0       0
   125 ;; BANK1           32      0       0
   126                           
   127 ;;
   128 ;; Pointer list with targets:
   129                           
   130                           
   131                           
   132 ;;
   133 ;; Critical Paths under _main in COMMON
   134 ;;
   135 ;;   None.
   136 ;;
   137 ;; Critical Paths under _main in BANK0
   138 ;;
   139 ;;   None.
   140 ;;
   141 ;; Critical Paths under _main in BANK1
   142 ;;
   143 ;;   None.
   144                           
   145 ;;
   146 ;;Main: autosize = 0, tempsize = 0, incstack = 0, save=0
   147 ;;
   148                           
   149 ;;
   150 ;;Call Graph Tables:
   151 ;;
   152 ;; ---------------------------------------------------------------------------------
   153 ;; (Depth) Function   	        Calls       Base Space   Used Autos Params    Refs
   154 ;; ---------------------------------------------------------------------------------
   155 ;; (0) _main                                                 4     4      0      30
   156 ;;                                              0 COMMON     4     4      0
   157 ;; ---------------------------------------------------------------------------------
   158 ;; Estimated maximum stack depth 0
   159 ;; ---------------------------------------------------------------------------------
   160                           
   161 ;; Call Graph Graphs:
   162                           
   163 ;; _main (ROOT)
   164 ;;
   165                           
   166 ;; Address spaces:
   167                           
   168 ;;Name               Size   Autos  Total    Cost      Usage
   169 ;;BITCOMMON            E      0       0       0        0.0%
   170 ;;EEDATA             100      0       0       0        0.0%
   171 ;;NULL                 0      0       0       0        0.0%
   172 ;;CODE                 0      0       0       0        0.0%
   173 ;;COMMON               E      4       A       1       71.4%
   174 ;;BITSFR0              0      0       0       1        0.0%
   175 ;;SFR0                 0      0       0       1        0.0%
   176 ;;BITSFR1              0      0       0       2        0.0%
   177 ;;SFR1                 0      0       0       2        0.0%
   178 ;;STACK                0      0       0       2        0.0%
   179 ;;BITBANK0            50      0       0       3        0.0%
   180 ;;BANK0               50      0       0       4        0.0%
   181 ;;BANK1               20      0       0       5        0.0%
   182 ;;ABS                  0      0       A       6        0.0%
   183 ;;BITBANK1            20      0       0       7        0.0%
   184 ;;DATA                 0      0       A       8        0.0%
   185                           
   186                           	global	_main
   187                           psect	maintext
   188                           
   189 ;; *************** function _main *****************
   190 ;; Defined at:
   191 ;;		line 11 in file "C:\RobertPersonal\Shiftermatic\Firmware\ShiftermaticMain.c"
   192 ;; Parameters:    Size  Location     Type
   193 ;;		None
   194 ;; Auto vars:     Size  Location     Type
   195 ;;  i               4    0[COMMON] long 
   196 ;; Return value:  Size  Location     Type
   197 ;;		None               void
   198 ;; Registers used:
   199 ;;		wreg, btemp+1
   200 ;; Tracked objects:
   201 ;;		On entry : 17F/0
   202 ;;		On exit  : 0/0
   203 ;;		Unchanged: 0/0
   204 ;; Data sizes:     COMMON   BANK0   BANK1
   205 ;;      Params:         0       0       0
   206 ;;      Locals:         4       0       0
   207 ;;      Temps:          0       0       0
   208 ;;      Totals:         4       0       0
   209 ;;Total ram usage:        4 bytes
   210 ;; This function calls:
   211 ;;		Nothing
   212 ;; This function is called by:
   213 ;;		Startup code after reset
   214 ;; This function uses a non-reentrant model
   215 ;;
   216                           psect	maintext
   217                           	file	"C:\RobertPersonal\Shiftermatic\Firmware\ShiftermaticMain.c"
   218                           	line	11
   219                           	global	__size_of_main
   220  0070                     	__size_of_main	equ	__end_of_main-_main
   221                           	
   222  0790                     _main:	
   223                           	opt	stack 8
   224                           ; Regs used in _main: [wreg+btemp+1]
   225                           	line	12
   226                           	
   227  0790                     l2649:	
   228                           ;ShiftermaticMain.c: 12: long i = 0;
   229  0790  3000               	movlw	0
   230  0791  00F9               	movwf	(main@i+3)
   231  0792  3000               	movlw	0
   232  0793  00F8               	movwf	(main@i+2)
   233  0794  3000               	movlw	0
   234  0795  00F7               	movwf	(main@i+1)
   235  0796  3000               	movlw	0
   236  0797  00F6               	movwf	(main@i)
   237                           
   238                           	line	17
   239                           	
   240  0798                     l2651:	
   241                           ;ShiftermaticMain.c: 17: TRISIO5 = 0;
   242  0798  1683               	bsf	status, 5	;RP0=1, select bank1
   243  0799  1285               	bcf	(1069/8)^080h,(1069)&7
   244                           	line	18
   245                           	
   246  079A                     l2653:	
   247                           ;ShiftermaticMain.c: 18: GP5 = 1;
   248  079A  1283               	bcf	status, 5	;RP0=0, select bank0
   249  079B  1685               	bsf	(45/8),(45)&7
   250  079C  2FAD               	goto	l2657
   251                           	line	20
   252                           ;ShiftermaticMain.c: 20: while(1)
   253                           	
   254  079D                     l447:	
   255                           	line	22
   256                           ;ShiftermaticMain.c: 21: {
   257                           ;ShiftermaticMain.c: 22: while(i<60000)
   258  079D  2FAD               	goto	l2657
   259                           	
   260  079E                     l449:	
   261                           	line	24
   262                           	
   263  079E                     l2655:	
   264                           ;ShiftermaticMain.c: 23: {
   265                           ;ShiftermaticMain.c: 24: i++;
   266  079E  3001               	movlw	01h
   267  079F  07F6               	addwf	(main@i),f
   268  07A0  3000               	movlw	0
   269  07A1  1803               	skipnc
   270  07A2  3001               movlw 1
   271  07A3  07F7               	addwf	(main@i+1),f
   272  07A4  3000               	movlw	0
   273  07A5  1803               	skipnc
   274  07A6  3001               movlw 1
   275  07A7  07F8               	addwf	(main@i+2),f
   276  07A8  3000               	movlw	0
   277  07A9  1803               	skipnc
   278  07AA  3001               movlw 1
   279  07AB  07F9               	addwf	(main@i+3),f
   280  07AC  2FAD               	goto	l2657
   281                           	line	25
   282                           	
   283  07AD                     l448:	
   284                           	line	22
   285                           	
   286  07AD                     l2657:	
   287  07AD  0879               	movf	(main@i+3),w
   288  07AE  3A80               	xorlw	80h
   289  07AF  00FF               	movwf	btemp+1
   290  07B0  3000               	movlw	0
   291  07B1  3A80               	xorlw	80h
   292  07B2  027F               	subwf	btemp+1,w
   293                           	
   294  07B3  1D03               	skipz
   295  07B4  2FBF               	goto	u13
   296  07B5  3000               	movlw	0
   297  07B6  0278               	subwf	(main@i+2),w
   298  07B7  1D03               	skipz
   299  07B8  2FBF               	goto	u13
   300  07B9  30EA               	movlw	0EAh
   301  07BA  0277               	subwf	(main@i+1),w
   302  07BB  1D03               	skipz
   303  07BC  2FBF               	goto	u13
   304  07BD  3060               	movlw	060h
   305  07BE  0276               	subwf	(main@i),w
   306  07BF                     u13:
   307  07BF  1C03               	skipc
   308  07C0  2FC2               	goto	u11
   309  07C1  2FC3               	goto	u10
   310  07C2                     u11:
   311  07C2  2F9E               	goto	l2655
   312  07C3                     u10:
   313                           	
   314  07C3                     l450:	
   315                           	line	27
   316                           ;ShiftermaticMain.c: 25: }
   317                           ;ShiftermaticMain.c: 27: GP5 = 1;
   318  07C3  1283               	bcf	status, 5	;RP0=0, select bank0
   319  07C4  1685               	bsf	(45/8),(45)&7
   320                           	line	29
   321                           	
   322  07C5                     l2659:	
   323                           ;ShiftermaticMain.c: 29: i=0;
   324  07C5  3000               	movlw	0
   325  07C6  00F9               	movwf	(main@i+3)
   326  07C7  3000               	movlw	0
   327  07C8  00F8               	movwf	(main@i+2)
   328  07C9  3000               	movlw	0
   329  07CA  00F7               	movwf	(main@i+1)
   330  07CB  3000               	movlw	0
   331  07CC  00F6               	movwf	(main@i)
   332                           
   333                           	line	31
   334                           ;ShiftermaticMain.c: 31: while(i<60000)
   335  07CD  2FDD               	goto	l2663
   336                           	
   337  07CE                     l452:	
   338                           	line	33
   339                           	
   340  07CE                     l2661:	
   341                           ;ShiftermaticMain.c: 32: {
   342                           ;ShiftermaticMain.c: 33: i++;
   343  07CE  3001               	movlw	01h
   344  07CF  07F6               	addwf	(main@i),f
   345  07D0  3000               	movlw	0
   346  07D1  1803               	skipnc
   347  07D2  3001               movlw 1
   348  07D3  07F7               	addwf	(main@i+1),f
   349  07D4  3000               	movlw	0
   350  07D5  1803               	skipnc
   351  07D6  3001               movlw 1
   352  07D7  07F8               	addwf	(main@i+2),f
   353  07D8  3000               	movlw	0
   354  07D9  1803               	skipnc
   355  07DA  3001               movlw 1
   356  07DB  07F9               	addwf	(main@i+3),f
   357  07DC  2FDD               	goto	l2663
   358                           	line	34
   359                           	
   360  07DD                     l451:	
   361                           	line	31
   362                           	
   363  07DD                     l2663:	
   364  07DD  0879               	movf	(main@i+3),w
   365  07DE  3A80               	xorlw	80h
   366  07DF  00FF               	movwf	btemp+1
   367  07E0  3000               	movlw	0
   368  07E1  3A80               	xorlw	80h
   369  07E2  027F               	subwf	btemp+1,w
   370                           	
   371  07E3  1D03               	skipz
   372  07E4  2FEF               	goto	u23
   373  07E5  3000               	movlw	0
   374  07E6  0278               	subwf	(main@i+2),w
   375  07E7  1D03               	skipz
   376  07E8  2FEF               	goto	u23
   377  07E9  30EA               	movlw	0EAh
   378  07EA  0277               	subwf	(main@i+1),w
   379  07EB  1D03               	skipz
   380  07EC  2FEF               	goto	u23
   381  07ED  3060               	movlw	060h
   382  07EE  0276               	subwf	(main@i),w
   383  07EF                     u23:
   384  07EF  1C03               	skipc
   385  07F0  2FF2               	goto	u21
   386  07F1  2FF3               	goto	u20
   387  07F2                     u21:
   388  07F2  2FCE               	goto	l2661
   389  07F3                     u20:
   390                           	
   391  07F3                     l453:	
   392                           	line	36
   393                           ;ShiftermaticMain.c: 34: }
   394                           ;ShiftermaticMain.c: 36: GP5 = 0;
   395  07F3  1283               	bcf	status, 5	;RP0=0, select bank0
   396  07F4  1285               	bcf	(45/8),(45)&7
   397                           	line	37
   398                           	
   399  07F5                     l2665:	
   400                           ;ShiftermaticMain.c: 37: i=0;
   401  07F5  3000               	movlw	0
   402  07F6  00F9               	movwf	(main@i+3)
   403  07F7  3000               	movlw	0
   404  07F8  00F8               	movwf	(main@i+2)
   405  07F9  3000               	movlw	0
   406  07FA  00F7               	movwf	(main@i+1)
   407  07FB  3000               	movlw	0
   408  07FC  00F6               	movwf	(main@i)
   409                           
   410  07FD  2FAD               	goto	l2657
   411                           	line	38
   412                           	
   413  07FE                     l454:	
   414                           	line	20
   415  07FE  2FAD               	goto	l2657
   416                           	
   417  07FF                     l455:	
   418                           	line	39
   419                           	
   420  07FF                     l456:	
   421                           	global	start
   422  07FF  2800               	ljmp	start
   423                           	opt stack 0
   424                           GLOBAL	__end_of_main
   425  0800                     	__end_of_main:
   426 ;; =============== function _main ends ============
   427                           
   428                           	signat	_main,88
   429                           psect	maintext
   430                           	global	btemp
   431  007E                     	btemp set 07Eh
   432                           
   433                           	DABS	1,126,2	;btemp
   434                           	global	wtemp0
   435  007E                     	wtemp0 set btemp


HI-TECH Software PICC Macro Assembler V9.83 build 10920 
Symbol Table                                                                                   Sun Dec 22 18:16:02 2013

                  _RD 04E0                    u10 07C3                    u11 07C2                    u20 07F3  
                  u21 07F2                    u13 07BF                    u23 07EF                    _WR 04E1  
                 l450 07C3                   l451 07DD                   l452 07CE                   l453 07F3  
                 l454 07FE                   l455 07FF                   l447 079D                   l456 07FF  
                 l448 07AD                   l449 079E                   _GP5 002D                   _GIE 005F  
                l2651 0798                  l2661 07CE                  l2653 079A                  l2663 07DD  
                l2655 079E                  l2665 07F5                  l2657 07AD                  l2649 0790  
                l2659 07C5                  _TMR0 0001                  _TMR2 0011                  _WREN 04E2  
                _main 0790                  btemp 007E                  start 0000                 ?_main 0076  
               _EEADR 009B                 _CARRY 0018                 _TMR1H 000F                 _TMR1L 000E  
               _Timer 0070                 main@i 0076                 status 0003                 wtemp0 007E  
        __end_of_main 0800                ??_main 0076                _EEDATA 009A                _EECON1 009C  
              _EECON2 009D        __pcstackCOMMON 0076            __pmaintext 0790               _TRISIO5 042D  
end_of_initialization 078E   start_initialization 0788           __pbssCOMMON 0070         __size_of_main 0070  
          _OSCCONbits 008F  
